(---------------------------------------------------------------------)
(                                                                     )
(    Parameter File READ                                              )
(                                                                     )
(    Drawing          : thr_pin.dra                                   )
(    Software Version : 17.4S035                                      )
(    Date/Time        : Mon Apr 15 22:48:56 2024                      )
(                                                                     )
(---------------------------------------------------------------------)


	Paramfile Name : D:/workspace/GitHub/pcb_lib/XerolySkinner.prm
	Layout Name   : thr_pin.dra

Reading...parameter_header:
Reading...db_common_type:
Reading...grid_parms_type:
	WARNING: The value of element <etchcount> is not equal to the number of 
		   user defined subclass under ETCH class. 

Reading...UnusedPadsSuppressionSettings:
Reading...artwork_film:
	Reading...art_film_type:
	Reading...art_film_block_type:
	Reading...art_class_type:
	Reading...art_class_type:
	Reading...art_class_type:
Reading...artwork_film:
	Reading...art_film_type:
	Reading...art_film_block_type:
	Reading...art_class_type:
	Reading...art_class_type:
	Reading...art_class_type:
Reading...artwork_film:
	Reading...art_film_type:
	Reading...art_film_block_type:
	Reading...art_class_type:
	Reading...art_class_type:
	Reading...art_class_type:
	Reading...art_class_type:
	Reading...art_class_type:
Reading...artwork_film:
	Reading...art_film_type:
	Reading...art_film_block_type:
	Reading...art_class_type:
	Reading...art_class_type:
	Reading...art_class_type:
	Reading...art_class_type:
	Reading...art_class_type:
Reading...artwork_film:
	Reading...art_film_type:
	Reading...art_film_block_type:
	Reading...art_class_type:
	Reading...art_class_type:
	Reading...art_class_type:
Reading...artwork_film:
	Reading...art_film_type:
	Reading...art_film_block_type:
	Reading...art_class_type:
	Reading...art_class_type:
	Reading...art_class_type:
Reading...artwork_film:
	Reading...art_film_type:
	Reading...art_film_block_type:
	Reading...art_class_type:
	Reading...art_class_type:
Reading...artwork_film:
	Reading...art_film_type:
	Reading...art_film_block_type:
	Reading...art_class_type:
	Reading...art_class_type:
Reading...artwork_film:
	Reading...art_film_type:
	Reading...art_film_block_type:
	Reading...art_class_type:
Reading...artwork_film:
	Reading...art_film_type:
	Reading...art_film_block_type:
	Reading...art_class_type:
	Reading...art_class_type:
	Reading...art_class_type:
	Reading...art_class_type:
	Reading...art_class_type:
	Reading...art_class_type:
Reading...artwork_film:
	Reading...art_film_type:
	Reading...art_film_block_type:
	Reading...art_class_type:
	Reading...art_class_type:
	Reading...art_class_type:
	Reading...art_class_type:
	Reading...art_class_type:
	Reading...art_class_type:
Reading...artwork_film:
	Reading...art_film_type:
	Reading...art_film_block_type:
	Reading...art_class_type:
	WARNING: Unmatched Data - Field Name: subclass , Value: "SIGNEDTOP"
	Reading...art_class_type:
	Reading...art_class_type:
Reading...artwork_film:
	Reading...art_film_type:
	Reading...art_film_block_type:
	Reading...art_class_type:
	WARNING: Unmatched Data - Field Name: subclass , Value: "SIGNEDBOTTOM"
	Reading...art_class_type:
	Reading...art_class_type:
Reading...color_table_table:
Reading...ColorParmType:
Reading...profileCustomColors:
Reading...text_size_table:
Reading...drf_parm_type:
Reading...av_parm_type:
Reading...dynfill_parm_type:
Reading...probe_parm_type:
Reading...ifp_parm_type:
Reading...ministat_parm_type:
	WARNING: Unmatched Data - Field Name: acon_active_sc , Value: "SIGNEDTOP"
Reading...ats_parm_type:
Reading...placement_parameter_type:
Reading...backdrill_parm_type:
Reading...backdrill_parm_type:
Reading...backdrill_parm_type:
Reading...backdrill_parm_type:


..... Total number of errors: 0.
..... Total number of warnings: 4.
